nicheanalysis2020/10/16 01:47:11 Starting db seeding...
nicheanalysis2020/10/16 01:47:11 DB seeding completed
nicheanalysis2020/10/16 02:39:44 Starting db seeding...
nicheanalysis2020/10/16 02:39:44 DB seeding completed
nicheanalysis2020/10/16 02:39:44 Starting scraping product discovery...
nicheanalysis2020/10/16 02:40:01 Complete scraping product discovery
nicheanalysis2020/10/16 02:43:04 Starting db seeding...
nicheanalysis2020/10/16 02:43:04 DB seeding completed
nicheanalysis2020/10/16 02:43:04 Starting scraping product discovery...
nicheanalysis2020/10/16 02:43:19 Complete scraping product discovery
nicheanalysis2020/10/16 02:47:06 Starting db seeding...
nicheanalysis2020/10/16 02:47:06 DB seeding completed
nicheanalysis2020/10/16 02:47:06 Starting scraping product discovery...
nicheanalysis2020/10/16 02:47:27 Starting db seeding...
nicheanalysis2020/10/16 02:47:27 DB seeding completed
nicheanalysis2020/10/16 02:47:27 Starting scraping product discovery...
nicheanalysis2020/10/16 02:49:24 Starting db seeding...
nicheanalysis2020/10/16 02:49:24 DB seeding completed
nicheanalysis2020/10/16 02:49:24 Starting scraping product discovery...
nicheanalysis2020/10/16 02:51:16 Complete scraping product discovery
nicheanalysis2020/10/16 03:04:08 Starting db seeding...
nicheanalysis2020/10/16 03:04:08 DB seeding completed
nicheanalysis2020/10/16 03:04:08 Starting scraping product discovery...
nicheanalysis2020/10/16 03:04:31 Complete scraping product discovery
nicheanalysis2020/10/16 11:36:31 Starting scraping amazon keywords...
nicheanalysis2020/10/16 11:37:34 Starting scraping amazon keywords...
nicheanalysis2020/10/16 11:37:36 pq: relation "keyword_data" does not exist
nicheanalysis2020/10/16 11:37:39 pq: relation "keyword_data" does not exist
nicheanalysis2020/10/16 11:37:41 pq: relation "keyword_data" does not exist
nicheanalysis2020/10/16 11:37:42 pq: relation "keyword_data" does not exist
nicheanalysis2020/10/16 11:37:44 pq: relation "keyword_data" does not exist
nicheanalysis2020/10/16 11:38:12 Starting scraping amazon keywords...
